<?xml version="1.0" encoding="utf-8" standalone="no"?>
<!--This file represents the results of running a test suite-->
<test-results name="C:\Users\David\Documents\IterableFifoQueue\IterableFifoQueueTest\bin\Debug\IterableFifoQueueTest.dll" total="5" errors="2" failures="0" not-run="0" inconclusive="0" ignored="0" skipped="0" invalid="0" date="2015-08-29" time="00:07:16">
  <environment nunit-version="2.6.4.14350" clr-version="2.0.50727.5485" os-version="Microsoft Windows NT 6.1.7601 Service Pack 1" platform="Win32NT" cwd="C:\Program Files (x86)\NUnit 2.6.4\bin" machine-name="DAVID-PC" user="David" user-domain="David-PC" />
  <culture-info current-culture="es-ES" current-uiculture="es-ES" />
  <test-suite type="Assembly" name="C:\Users\David\Documents\IterableFifoQueue\IterableFifoQueueTest\bin\Debug\IterableFifoQueueTest.dll" executed="True" result="Failure" success="False" time="0.129" asserts="0">
    <results>
      <test-suite type="Namespace" name="IterableFifoQueueTest" executed="True" result="Failure" success="False" time="0.111" asserts="0">
        <results>
          <test-suite type="TestFixture" name="Tests" executed="True" result="Failure" success="False" time="0.108" asserts="0">
            <results>
              <test-suite type="ParameterizedTest" name="testQueueAddAValue" executed="True" result="Failure" success="False" time="0.046" asserts="0">
                <results>
                  <test-case name="IterableFifoQueueTest.Tests.testQueueAddAValue()" executed="True" result="Error" success="False" time="0.035" asserts="0">
                    <failure>
                      <message><![CDATA[System.BadImageFormatException : No se puede cargar el archivo o ensamblado 'IterableFifoQueue, Version=1.0.0.0, Culture=neutral, PublicKeyToken=null' ni una de sus dependencias. Se ha intentado cargar un programa con un formato incorrecto.]]></message>
                      <stack-trace><![CDATA[en IterableFifoQueueTest.Tests.testQueueAddAValue()
]]></stack-trace>
                    </failure>
                  </test-case>
                </results>
              </test-suite>
              <test-suite type="ParameterizedTest" name="testQueueAddMaxValue" executed="True" result="Failure" success="False" time="0.001" asserts="0">
                <results>
                  <test-case name="IterableFifoQueueTest.Tests.testQueueAddMaxValue()" executed="True" result="Error" success="False" time="0.001" asserts="0">
                    <failure>
                      <message><![CDATA[System.BadImageFormatException : No se puede cargar el archivo o ensamblado 'IterableFifoQueue, Version=1.0.0.0, Culture=neutral, PublicKeyToken=null' ni una de sus dependencias. Se ha intentado cargar un programa con un formato incorrecto.]]></message>
                      <stack-trace><![CDATA[en IterableFifoQueueTest.Tests.testQueueAddMaxValue()
]]></stack-trace>
                    </failure>
                  </test-case>
                </results>
              </test-suite>
              <test-suite type="ParameterizedTest" name="testQueueAddMediumValue" executed="True" result="Success" success="True" time="0.001" asserts="0">
                <results>
                  <test-case name="IterableFifoQueueTest.Tests.testQueueAddMediumValue()" executed="True" result="Success" success="True" time="0.000" asserts="0" />
                </results>
              </test-suite>
              <test-suite type="ParameterizedTest" name="testQueueAddMinValue" executed="True" result="Success" success="True" time="0.001" asserts="0">
                <results>
                  <test-case name="IterableFifoQueueTest.Tests.testQueueAddMinValue()" executed="True" result="Success" success="True" time="0.000" asserts="0" />
                </results>
              </test-suite>
              <test-suite type="ParameterizedTest" name="testQueueSecuenceInOrder" executed="True" result="Success" success="True" time="0.001" asserts="0">
                <results>
                  <test-case name="IterableFifoQueueTest.Tests.testQueueSecuenceInOrder()" executed="True" result="Success" success="True" time="0.000" asserts="0" />
                </results>
              </test-suite>
            </results>
          </test-suite>
        </results>
      </test-suite>
    </results>
  </test-suite>
</test-results>